<?xml version="1.0" encoding="UTF-8"?>
<!-- Generated by org.testng.reporters.JUnitXMLReporter -->
<testsuite ignored="0" hostname="SanjiwaniS-Mac.local" failures="0" tests="3" name="Test" time="8.015" errors="0" timestamp="2023-09-24T11:33:35 IST">
  <testcase classname="restassuredApiTests.UpdateBooking" name="Createtoken" time="3.937"/>
  <testcase classname="restassuredApiTests.UpdateBooking" name="Createbooking" time="1.811"/>
  <testcase classname="restassuredApiTests.UpdateBooking" name="Updatebooking" time="1.945"/>
</testsuite> <!-- Test -->
