<?xml version="1.0" encoding="UTF-8"?>
<!-- Generated by org.testng.reporters.JUnitXMLReporter -->
<testsuite ignored="0" hostname="SanjiwaniS-Mac.local" failures="0" tests="22" name="Test" time="43.871" errors="0" timestamp="2023-09-24T17:28:36 IST">
  <testcase classname="restassuredApiTests.DeleteBooking" name="Createtoken" time="5.091"/>
  <testcase classname="restassuredApiTests.DeleteBooking" name="Createbooking" time="1.75"/>
  <testcase classname="restassuredApiTests.DeleteBooking" name="Deletebooking" time="2.112"/>
  <testcase classname="restassuredApiTests.DeleteBooking" name="Getdeletedbooking" time="1.772"/>
  <testcase classname="restassuredApiTests.CreateBooking" name="testpost" time="1.705"/>
  <testcase classname="restassuredApiTests.GetBookingsByCheckinCheckout" name="getBookingsForCheckinCheckout" time="1.877"/>
  <testcase classname="restassuredApiTests.CreateBooking" name="testpost" time="1.733"/>
  <testcase classname="restassuredApiTests.GetBooking" name="testget" time="1.898"/>
  <testcase classname="restassuredApiTests.CreateToken" name="testpost" time="1.923"/>
  <testcase classname="restassuredApiTests.GetBookingIds" name="getAllBookings" time="2.009"/>
  <testcase classname="restassuredApiTests.CreateBooking" name="testpost" time="1.628"/>
  <testcase classname="restassuredApiTests.GetBookingsByName" name="getBookingsForName" time="1.562"/>
  <testcase classname="restassuredApiTests.HealthCheck" name="getping" time="1.573"/>
  <testcase classname="restassuredApiTests.CreateBooking" name="testpost" time="1.799"/>
  <testcase classname="restassuredApiTests.PartialUpdateBooking" name="Createtoken" time="1.672"/>
  <testcase classname="restassuredApiTests.PartialUpdateBooking" name="Createbooking" time="1.957"/>
  <testcase classname="restassuredApiTests.PartialUpdateBooking" name="UpdateAllFields" time="1.753"/>
  <testcase classname="restassuredApiTests.PartialUpdateBooking" name="UpdateOnlyFirstName" time="2.065"/>
  <testcase classname="restassuredApiTests.PartialUpdateBooking" name="UpdateOnlyLastName" time="1.763"/>
  <testcase classname="restassuredApiTests.UpdateBooking" name="Createtoken" time="1.571"/>
  <testcase classname="restassuredApiTests.UpdateBooking" name="Createbooking" time="1.737"/>
  <testcase classname="restassuredApiTests.UpdateBooking" name="Updatebooking" time="2.103"/>
</testsuite> <!-- Test -->
