<?xml version="1.0" encoding="UTF-8"?>
<testng-results ignored="0" total="22" passed="22" failed="0" skipped="0">
  <reporter-output>
  </reporter-output>
  <suite started-at="2023-09-24T17:27:52 IST" name="Suite" finished-at="2023-09-24T17:28:36 IST" duration-ms="43871">
    <groups>
    </groups>
    <test started-at="2023-09-24T17:27:52 IST" name="Test" finished-at="2023-09-24T17:28:36 IST" duration-ms="43871">
      <class name="restassuredApiTests.CreateBooking">
        <test-method is-config="true" signature="postdata()[pri:0, instance:restassuredApiTests.CreateBooking@3e6ef8ad]" started-at="2023-09-24T17:28:19 IST" name="postdata" finished-at="2023-09-24T17:28:19 IST" duration-ms="0" status="PASS">
          <reporter-output>
          </reporter-output>
        </test-method> <!-- postdata -->
        <test-method signature="testpost()[pri:0, instance:restassuredApiTests.CreateBooking@3e6ef8ad]" started-at="2023-09-24T17:28:19 IST" name="testpost" finished-at="2023-09-24T17:28:21 IST" duration-ms="1799" status="PASS">
          <reporter-output>
          </reporter-output>
        </test-method> <!-- testpost -->
      </class> <!-- restassuredApiTests.CreateBooking -->
      <class name="restassuredApiTests.DeleteBooking">
        <test-method is-config="true" signature="postdata()[pri:0, instance:restassuredApiTests.DeleteBooking@7690781]" started-at="2023-09-24T17:27:52 IST" name="postdata" finished-at="2023-09-24T17:27:53 IST" duration-ms="573" status="PASS">
          <reporter-output>
          </reporter-output>
        </test-method> <!-- postdata -->
        <test-method signature="Createtoken()[pri:0, instance:restassuredApiTests.DeleteBooking@7690781]" started-at="2023-09-24T17:27:53 IST" name="Createtoken" finished-at="2023-09-24T17:27:58 IST" duration-ms="5091" status="PASS">
          <reporter-output>
          </reporter-output>
        </test-method> <!-- Createtoken -->
        <test-method signature="Createbooking()[pri:1, instance:restassuredApiTests.DeleteBooking@7690781]" started-at="2023-09-24T17:27:58 IST" name="Createbooking" finished-at="2023-09-24T17:28:00 IST" duration-ms="1750" status="PASS">
          <reporter-output>
          </reporter-output>
        </test-method> <!-- Createbooking -->
        <test-method signature="Deletebooking()[pri:2, instance:restassuredApiTests.DeleteBooking@7690781]" started-at="2023-09-24T17:28:00 IST" name="Deletebooking" finished-at="2023-09-24T17:28:02 IST" duration-ms="2112" status="PASS">
          <reporter-output>
          </reporter-output>
        </test-method> <!-- Deletebooking -->
        <test-method signature="Getdeletedbooking()[pri:3, instance:restassuredApiTests.DeleteBooking@7690781]" started-at="2023-09-24T17:28:02 IST" name="Getdeletedbooking" finished-at="2023-09-24T17:28:03 IST" duration-ms="1772" status="PASS">
          <reporter-output>
          </reporter-output>
        </test-method> <!-- Getdeletedbooking -->
      </class> <!-- restassuredApiTests.DeleteBooking -->
      <class name="restassuredApiTests.GetBooking">
        <test-method is-config="true" signature="postdata()[pri:0, instance:restassuredApiTests.GetBooking@10959ece]" started-at="2023-09-24T17:28:07 IST" name="postdata" finished-at="2023-09-24T17:28:07 IST" duration-ms="1" status="PASS">
          <reporter-output>
          </reporter-output>
        </test-method> <!-- postdata -->
        <test-method signature="testpost()[pri:0, instance:restassuredApiTests.GetBooking@10959ece]" started-at="2023-09-24T17:28:07 IST" name="testpost" finished-at="2023-09-24T17:28:09 IST" duration-ms="1733" status="PASS">
          <reporter-output>
          </reporter-output>
        </test-method> <!-- testpost -->
        <test-method signature="testget()[pri:0, instance:restassuredApiTests.GetBooking@10959ece]" started-at="2023-09-24T17:28:09 IST" name="testget" description="GET : Get Booking" finished-at="2023-09-24T17:28:11 IST" duration-ms="1898" status="PASS">
          <reporter-output>
          </reporter-output>
        </test-method> <!-- testget -->
      </class> <!-- restassuredApiTests.GetBooking -->
      <class name="restassuredApiTests.HealthCheck">
        <test-method signature="getping()[pri:0, instance:restassuredApiTests.HealthCheck@59af0466]" started-at="2023-09-24T17:28:18 IST" name="getping" description="GET HEALTH CHECK : PING" finished-at="2023-09-24T17:28:19 IST" duration-ms="1573" status="PASS">
          <reporter-output>
          </reporter-output>
        </test-method> <!-- getping -->
      </class> <!-- restassuredApiTests.HealthCheck -->
      <class name="restassuredApiTests.GetBookingsByName">
        <test-method is-config="true" signature="postdata()[pri:0, instance:restassuredApiTests.GetBookingsByName@65f095f8]" started-at="2023-09-24T17:28:15 IST" name="postdata" finished-at="2023-09-24T17:28:15 IST" duration-ms="1" status="PASS">
          <reporter-output>
          </reporter-output>
        </test-method> <!-- postdata -->
        <test-method signature="testpost()[pri:0, instance:restassuredApiTests.GetBookingsByName@65f095f8]" started-at="2023-09-24T17:28:15 IST" name="testpost" finished-at="2023-09-24T17:28:16 IST" duration-ms="1628" status="PASS">
          <reporter-output>
          </reporter-output>
        </test-method> <!-- testpost -->
        <test-method signature="getBookingsForName()[pri:0, instance:restassuredApiTests.GetBookingsByName@65f095f8]" started-at="2023-09-24T17:28:16 IST" name="getBookingsForName" description="GET REQUEST : GET BOOKINGS BY FIRSTNAME &amp; LASTNAME" finished-at="2023-09-24T17:28:18 IST" duration-ms="1562" status="PASS">
          <reporter-output>
          </reporter-output>
        </test-method> <!-- getBookingsForName -->
      </class> <!-- restassuredApiTests.GetBookingsByName -->
      <class name="restassuredApiTests.CreateToken">
        <test-method is-config="true" signature="postdata()[pri:0, instance:restassuredApiTests.CreateToken@3a6bb9bf]" started-at="2023-09-24T17:28:11 IST" name="postdata" finished-at="2023-09-24T17:28:11 IST" duration-ms="1" status="PASS">
          <reporter-output>
          </reporter-output>
        </test-method> <!-- postdata -->
        <test-method signature="testpost()[pri:0, instance:restassuredApiTests.CreateToken@3a6bb9bf]" started-at="2023-09-24T17:28:11 IST" name="testpost" description="POST : Create Token" finished-at="2023-09-24T17:28:13 IST" duration-ms="1923" status="PASS">
          <reporter-output>
          </reporter-output>
        </test-method> <!-- testpost -->
      </class> <!-- restassuredApiTests.CreateToken -->
      <class name="restassuredApiTests.PartialUpdateBooking">
        <test-method is-config="true" signature="postdata()[pri:0, instance:restassuredApiTests.PartialUpdateBooking@346d61be]" started-at="2023-09-24T17:28:21 IST" name="postdata" finished-at="2023-09-24T17:28:21 IST" duration-ms="1" status="PASS">
          <reporter-output>
          </reporter-output>
        </test-method> <!-- postdata -->
        <test-method signature="Createtoken()[pri:0, instance:restassuredApiTests.PartialUpdateBooking@346d61be]" started-at="2023-09-24T17:28:21 IST" name="Createtoken" description="Create Token" finished-at="2023-09-24T17:28:23 IST" duration-ms="1672" status="PASS">
          <reporter-output>
          </reporter-output>
        </test-method> <!-- Createtoken -->
        <test-method signature="Createbooking()[pri:1, instance:restassuredApiTests.PartialUpdateBooking@346d61be]" started-at="2023-09-24T17:28:23 IST" name="Createbooking" description="Create Booking" finished-at="2023-09-24T17:28:25 IST" duration-ms="1957" status="PASS">
          <reporter-output>
          </reporter-output>
        </test-method> <!-- Createbooking -->
        <test-method signature="UpdateAllFields()[pri:2, instance:restassuredApiTests.PartialUpdateBooking@346d61be]" started-at="2023-09-24T17:28:25 IST" name="UpdateAllFields" description="Update Booking All Fileds" finished-at="2023-09-24T17:28:27 IST" duration-ms="1753" status="PASS">
          <reporter-output>
          </reporter-output>
        </test-method> <!-- UpdateAllFields -->
        <test-method signature="UpdateOnlyFirstName()[pri:3, instance:restassuredApiTests.PartialUpdateBooking@346d61be]" started-at="2023-09-24T17:28:27 IST" name="UpdateOnlyFirstName" description="UPDATE BOOKING - ONLY FIRSTNAME" finished-at="2023-09-24T17:28:29 IST" duration-ms="2065" status="PASS">
          <reporter-output>
          </reporter-output>
        </test-method> <!-- UpdateOnlyFirstName -->
        <test-method signature="UpdateOnlyLastName()[pri:3, instance:restassuredApiTests.PartialUpdateBooking@346d61be]" started-at="2023-09-24T17:28:29 IST" name="UpdateOnlyLastName" description="UPDATE BOOKING - ONLY LASTNAME" finished-at="2023-09-24T17:28:30 IST" duration-ms="1763" status="PASS">
          <reporter-output>
          </reporter-output>
        </test-method> <!-- UpdateOnlyLastName -->
      </class> <!-- restassuredApiTests.PartialUpdateBooking -->
      <class name="restassuredApiTests.GetBookingIds">
        <test-method signature="getAllBookings()[pri:0, instance:restassuredApiTests.GetBookingIds@34f7cfd9]" started-at="2023-09-24T17:28:13 IST" name="getAllBookings" description="GET : Get Booking Ids" finished-at="2023-09-24T17:28:15 IST" duration-ms="2009" status="PASS">
          <reporter-output>
          </reporter-output>
        </test-method> <!-- getAllBookings -->
      </class> <!-- restassuredApiTests.GetBookingIds -->
      <class name="restassuredApiTests.GetBookingsByCheckinCheckout">
        <test-method is-config="true" signature="postdata()[pri:0, instance:restassuredApiTests.GetBookingsByCheckinCheckout@68c72235]" started-at="2023-09-24T17:28:03 IST" name="postdata" finished-at="2023-09-24T17:28:03 IST" duration-ms="1" status="PASS">
          <reporter-output>
          </reporter-output>
        </test-method> <!-- postdata -->
        <test-method signature="testpost()[pri:0, instance:restassuredApiTests.GetBookingsByCheckinCheckout@68c72235]" started-at="2023-09-24T17:28:03 IST" name="testpost" finished-at="2023-09-24T17:28:05 IST" duration-ms="1705" status="PASS">
          <reporter-output>
          </reporter-output>
        </test-method> <!-- testpost -->
        <test-method signature="getBookingsForCheckinCheckout()[pri:0, instance:restassuredApiTests.GetBookingsByCheckinCheckout@68c72235]" started-at="2023-09-24T17:28:05 IST" name="getBookingsForCheckinCheckout" description="GET REQUEST : GET BOOKINGS BY FILTER CHECKIN &amp; CHECKOUT  DATE" finished-at="2023-09-24T17:28:07 IST" duration-ms="1877" status="PASS">
          <reporter-output>
          </reporter-output>
        </test-method> <!-- getBookingsForCheckinCheckout -->
      </class> <!-- restassuredApiTests.GetBookingsByCheckinCheckout -->
      <class name="restassuredApiTests.UpdateBooking">
        <test-method is-config="true" signature="postdata()[pri:0, instance:restassuredApiTests.UpdateBooking@55536d9e]" started-at="2023-09-24T17:28:30 IST" name="postdata" finished-at="2023-09-24T17:28:30 IST" duration-ms="1" status="PASS">
          <reporter-output>
          </reporter-output>
        </test-method> <!-- postdata -->
        <test-method signature="Createtoken()[pri:0, instance:restassuredApiTests.UpdateBooking@55536d9e]" started-at="2023-09-24T17:28:30 IST" name="Createtoken" description="CREATE TOKEN" finished-at="2023-09-24T17:28:32 IST" duration-ms="1571" status="PASS">
          <reporter-output>
          </reporter-output>
        </test-method> <!-- Createtoken -->
        <test-method signature="Createbooking()[pri:1, instance:restassuredApiTests.UpdateBooking@55536d9e]" started-at="2023-09-24T17:28:32 IST" name="Createbooking" description="CREATE BOOKING" finished-at="2023-09-24T17:28:34 IST" duration-ms="1737" status="PASS">
          <reporter-output>
          </reporter-output>
        </test-method> <!-- Createbooking -->
        <test-method signature="Updatebooking()[pri:2, instance:restassuredApiTests.UpdateBooking@55536d9e]" started-at="2023-09-24T17:28:34 IST" name="Updatebooking" description="UPDATE BOOKING" finished-at="2023-09-24T17:28:36 IST" duration-ms="2103" status="PASS">
          <reporter-output>
          </reporter-output>
        </test-method> <!-- Updatebooking -->
      </class> <!-- restassuredApiTests.UpdateBooking -->
    </test> <!-- Test -->
  </suite> <!-- Suite -->
</testng-results>
