<?xml version="1.0" encoding="UTF-8"?>
<testng-results ignored="0" total="22" passed="21" failed="1" skipped="0">
  <reporter-output>
  </reporter-output>
  <suite started-at="2023-09-24T17:36:25 IST" name="Suite" finished-at="2023-09-24T17:37:10 IST" duration-ms="45514">
    <groups>
    </groups>
    <test started-at="2023-09-24T17:36:25 IST" name="Test" finished-at="2023-09-24T17:37:10 IST" duration-ms="45514">
      <class name="restassuredApiTests.CreateBooking">
        <test-method is-config="true" signature="postdata()[pri:0, instance:restassuredApiTests.CreateBooking@60bd273d]" started-at="2023-09-24T17:36:52 IST" name="postdata" finished-at="2023-09-24T17:36:52 IST" duration-ms="1" status="PASS">
          <reporter-output>
          </reporter-output>
        </test-method> <!-- postdata -->
        <test-method signature="testpost()[pri:0, instance:restassuredApiTests.CreateBooking@60bd273d]" started-at="2023-09-24T17:36:52 IST" name="testpost" finished-at="2023-09-24T17:36:54 IST" duration-ms="1677" status="PASS">
          <reporter-output>
          </reporter-output>
        </test-method> <!-- testpost -->
      </class> <!-- restassuredApiTests.CreateBooking -->
      <class name="restassuredApiTests.DeleteBooking">
        <test-method is-config="true" signature="postdata()[pri:0, instance:restassuredApiTests.DeleteBooking@273e7444]" started-at="2023-09-24T17:36:25 IST" name="postdata" finished-at="2023-09-24T17:36:26 IST" duration-ms="740" status="PASS">
          <reporter-output>
          </reporter-output>
        </test-method> <!-- postdata -->
        <test-method signature="Createtoken()[pri:0, instance:restassuredApiTests.DeleteBooking@273e7444]" started-at="2023-09-24T17:36:26 IST" name="Createtoken" finished-at="2023-09-24T17:36:31 IST" duration-ms="5020" status="PASS">
          <reporter-output>
          </reporter-output>
        </test-method> <!-- Createtoken -->
        <test-method signature="Createbooking()[pri:1, instance:restassuredApiTests.DeleteBooking@273e7444]" started-at="2023-09-24T17:36:31 IST" name="Createbooking" finished-at="2023-09-24T17:36:33 IST" duration-ms="1758" status="PASS">
          <reporter-output>
          </reporter-output>
        </test-method> <!-- Createbooking -->
        <test-method signature="Deletebooking()[pri:2, instance:restassuredApiTests.DeleteBooking@273e7444]" started-at="2023-09-24T17:36:33 IST" name="Deletebooking" finished-at="2023-09-24T17:36:34 IST" duration-ms="1626" status="PASS">
          <reporter-output>
          </reporter-output>
        </test-method> <!-- Deletebooking -->
        <test-method signature="Getdeletedbooking()[pri:3, instance:restassuredApiTests.DeleteBooking@273e7444]" started-at="2023-09-24T17:36:34 IST" name="Getdeletedbooking" finished-at="2023-09-24T17:36:36 IST" duration-ms="1507" status="PASS">
          <reporter-output>
          </reporter-output>
        </test-method> <!-- Getdeletedbooking -->
      </class> <!-- restassuredApiTests.DeleteBooking -->
      <class name="restassuredApiTests.GetBooking">
        <test-method is-config="true" signature="postdata()[pri:0, instance:restassuredApiTests.GetBooking@942a29c]" started-at="2023-09-24T17:36:39 IST" name="postdata" finished-at="2023-09-24T17:36:39 IST" duration-ms="0" status="PASS">
          <reporter-output>
          </reporter-output>
        </test-method> <!-- postdata -->
        <test-method signature="testpost()[pri:0, instance:restassuredApiTests.GetBooking@942a29c]" started-at="2023-09-24T17:36:39 IST" name="testpost" finished-at="2023-09-24T17:36:41 IST" duration-ms="1847" status="PASS">
          <reporter-output>
          </reporter-output>
        </test-method> <!-- testpost -->
        <test-method signature="testget()[pri:0, instance:restassuredApiTests.GetBooking@942a29c]" started-at="2023-09-24T17:36:41 IST" name="testget" description="GET : Get Booking" finished-at="2023-09-24T17:36:43 IST" duration-ms="1869" status="PASS">
          <reporter-output>
          </reporter-output>
        </test-method> <!-- testget -->
      </class> <!-- restassuredApiTests.GetBooking -->
      <class name="restassuredApiTests.HealthCheck">
        <test-method signature="getping()[pri:0, instance:restassuredApiTests.HealthCheck@4f80542f]" started-at="2023-09-24T17:36:50 IST" name="getping" description="GET HEALTH CHECK : PING" finished-at="2023-09-24T17:36:52 IST" duration-ms="1536" status="PASS">
          <reporter-output>
          </reporter-output>
        </test-method> <!-- getping -->
      </class> <!-- restassuredApiTests.HealthCheck -->
      <class name="restassuredApiTests.GetBookingsByName">
        <test-method is-config="true" signature="postdata()[pri:0, instance:restassuredApiTests.GetBookingsByName@534a5a98]" started-at="2023-09-24T17:36:47 IST" name="postdata" finished-at="2023-09-24T17:36:47 IST" duration-ms="1" status="PASS">
          <reporter-output>
          </reporter-output>
        </test-method> <!-- postdata -->
        <test-method signature="testpost()[pri:0, instance:restassuredApiTests.GetBookingsByName@534a5a98]" started-at="2023-09-24T17:36:47 IST" name="testpost" finished-at="2023-09-24T17:36:49 IST" duration-ms="2057" status="PASS">
          <reporter-output>
          </reporter-output>
        </test-method> <!-- testpost -->
        <test-method signature="getBookingsForName()[pri:0, instance:restassuredApiTests.GetBookingsByName@534a5a98]" started-at="2023-09-24T17:36:49 IST" name="getBookingsForName" description="GET REQUEST : GET BOOKINGS BY FIRSTNAME &amp; LASTNAME" finished-at="2023-09-24T17:36:50 IST" duration-ms="1657" status="FAIL">
          <exception class="java.lang.AssertionError">
            <message>
              <![CDATA[1 expectation failed.
JSON path bookingid[0] doesn't match.
Expected: <2099>
  Actual: <2026>
]]>
            </message>
            <full-stacktrace>
              <![CDATA[java.lang.AssertionError: 1 expectation failed.
JSON path bookingid[0] doesn't match.
Expected: <2099>
  Actual: <2026>

at java.base/jdk.internal.reflect.DirectConstructorHandleAccessor.newInstance(DirectConstructorHandleAccessor.java:67)
at java.base/java.lang.reflect.Constructor.newInstanceWithCaller(Constructor.java:500)
at java.base/java.lang.reflect.Constructor.newInstance(Constructor.java:484)
at org.codehaus.groovy.reflection.CachedConstructor.invoke(CachedConstructor.java:73)
at org.codehaus.groovy.runtime.callsite.ConstructorSite$ConstructorSiteNoUnwrapNoCoerce.callConstructor(ConstructorSite.java:108)
at org.codehaus.groovy.runtime.callsite.CallSiteArray.defaultCallConstructor(CallSiteArray.java:57)
at org.codehaus.groovy.runtime.callsite.AbstractCallSite.callConstructor(AbstractCallSite.java:263)
at org.codehaus.groovy.runtime.callsite.AbstractCallSite.callConstructor(AbstractCallSite.java:277)
at io.restassured.internal.ResponseSpecificationImpl$HamcrestAssertionClosure.validate(ResponseSpecificationImpl.groovy:512)
at io.restassured.internal.ResponseSpecificationImpl$HamcrestAssertionClosure$validate$1.call(Unknown Source)
at io.restassured.internal.ResponseSpecificationImpl.validateResponseIfRequired(ResponseSpecificationImpl.groovy:696)
at io.restassured.internal.ResponseSpecificationImpl.this$2$validateResponseIfRequired(ResponseSpecificationImpl.groovy)
at java.base/jdk.internal.reflect.DirectMethodHandleAccessor.invoke(DirectMethodHandleAccessor.java:104)
at java.base/java.lang.reflect.Method.invoke(Method.java:578)
at org.codehaus.groovy.runtime.callsite.PlainObjectMetaMethodSite.doInvoke(PlainObjectMetaMethodSite.java:43)
at org.codehaus.groovy.runtime.callsite.PogoMetaMethodSite$PogoCachedMethodSiteNoUnwrapNoCoerce.invoke(PogoMetaMethodSite.java:198)
at org.codehaus.groovy.runtime.callsite.PogoMetaMethodSite.callCurrent(PogoMetaMethodSite.java:62)
at org.codehaus.groovy.runtime.callsite.AbstractCallSite.callCurrent(AbstractCallSite.java:185)
at io.restassured.internal.ResponseSpecificationImpl.body(ResponseSpecificationImpl.groovy:270)
at io.restassured.specification.ResponseSpecification$body$2.callCurrent(Unknown Source)
at io.restassured.internal.ResponseSpecificationImpl.body(ResponseSpecificationImpl.groovy:117)
at io.restassured.internal.ValidatableResponseOptionsImpl.body(ValidatableResponseOptionsImpl.java:244)
at restassuredApiTests.GetBookingsByName.getBookingsForName(GetBookingsByName.java:29)
at java.base/jdk.internal.reflect.DirectMethodHandleAccessor.invoke(DirectMethodHandleAccessor.java:104)
at java.base/java.lang.reflect.Method.invoke(Method.java:578)
at org.testng.internal.MethodInvocationHelper.invokeMethod(MethodInvocationHelper.java:133)
at org.testng.internal.TestInvoker.invokeMethod(TestInvoker.java:598)
at org.testng.internal.TestInvoker.invokeTestMethod(TestInvoker.java:173)
at org.testng.internal.MethodRunner.runInSequence(MethodRunner.java:46)
at org.testng.internal.TestInvoker$MethodInvocationAgent.invoke(TestInvoker.java:824)
at org.testng.internal.TestInvoker.invokeTestMethods(TestInvoker.java:146)
at org.testng.internal.TestMethodWorker.invokeTestMethods(TestMethodWorker.java:146)
at org.testng.internal.TestMethodWorker.run(TestMethodWorker.java:128)
at java.base/java.util.ArrayList.forEach(ArrayList.java:1511)
at org.testng.TestRunner.privateRun(TestRunner.java:794)
at org.testng.TestRunner.run(TestRunner.java:596)
at org.testng.SuiteRunner.runTest(SuiteRunner.java:377)
at org.testng.SuiteRunner.runSequentially(SuiteRunner.java:371)
at org.testng.SuiteRunner.privateRun(SuiteRunner.java:332)
at org.testng.SuiteRunner.run(SuiteRunner.java:276)
at org.testng.SuiteRunnerWorker.runSuite(SuiteRunnerWorker.java:53)
at org.testng.SuiteRunnerWorker.run(SuiteRunnerWorker.java:96)
at org.testng.TestNG.runSuitesSequentially(TestNG.java:1212)
at org.testng.TestNG.runSuitesLocally(TestNG.java:1134)
at org.testng.TestNG.runSuites(TestNG.java:1063)
at org.testng.TestNG.run(TestNG.java:1031)
at org.testng.remote.AbstractRemoteTestNG.run(AbstractRemoteTestNG.java:115)
at org.testng.remote.RemoteTestNG.initAndRun(RemoteTestNG.java:251)
at org.testng.remote.RemoteTestNG.main(RemoteTestNG.java:77)
]]>
            </full-stacktrace>
          </exception> <!-- java.lang.AssertionError -->
          <reporter-output>
          </reporter-output>
        </test-method> <!-- getBookingsForName -->
      </class> <!-- restassuredApiTests.GetBookingsByName -->
      <class name="restassuredApiTests.CreateToken">
        <test-method is-config="true" signature="postdata()[pri:0, instance:restassuredApiTests.CreateToken@1ed6388a]" started-at="2023-09-24T17:36:43 IST" name="postdata" finished-at="2023-09-24T17:36:43 IST" duration-ms="2" status="PASS">
          <reporter-output>
          </reporter-output>
        </test-method> <!-- postdata -->
        <test-method signature="testpost()[pri:0, instance:restassuredApiTests.CreateToken@1ed6388a]" started-at="2023-09-24T17:36:43 IST" name="testpost" description="POST : Create Token" finished-at="2023-09-24T17:36:45 IST" duration-ms="1658" status="PASS">
          <reporter-output>
          </reporter-output>
        </test-method> <!-- testpost -->
      </class> <!-- restassuredApiTests.CreateToken -->
      <class name="restassuredApiTests.GetBookingIds">
        <test-method signature="getAllBookings()[pri:0, instance:restassuredApiTests.GetBookingIds@5a45133e]" started-at="2023-09-24T17:36:45 IST" name="getAllBookings" description="GET : Get Booking Ids" finished-at="2023-09-24T17:36:47 IST" duration-ms="1801" status="PASS">
          <reporter-output>
          </reporter-output>
        </test-method> <!-- getAllBookings -->
      </class> <!-- restassuredApiTests.GetBookingIds -->
      <class name="restassuredApiTests.PartialUpdateBooking">
        <test-method is-config="true" signature="postdata()[pri:0, instance:restassuredApiTests.PartialUpdateBooking@121314f7]" started-at="2023-09-24T17:36:54 IST" name="postdata" finished-at="2023-09-24T17:36:54 IST" duration-ms="1" status="PASS">
          <reporter-output>
          </reporter-output>
        </test-method> <!-- postdata -->
        <test-method signature="Createtoken()[pri:0, instance:restassuredApiTests.PartialUpdateBooking@121314f7]" started-at="2023-09-24T17:36:54 IST" name="Createtoken" description="Create Token" finished-at="2023-09-24T17:36:55 IST" duration-ms="1755" status="PASS">
          <reporter-output>
          </reporter-output>
        </test-method> <!-- Createtoken -->
        <test-method signature="Createbooking()[pri:1, instance:restassuredApiTests.PartialUpdateBooking@121314f7]" started-at="2023-09-24T17:36:55 IST" name="Createbooking" description="Create Booking" finished-at="2023-09-24T17:36:57 IST" duration-ms="2039" status="PASS">
          <reporter-output>
          </reporter-output>
        </test-method> <!-- Createbooking -->
        <test-method signature="UpdateAllFields()[pri:2, instance:restassuredApiTests.PartialUpdateBooking@121314f7]" started-at="2023-09-24T17:36:57 IST" name="UpdateAllFields" description="Update Booking All Fileds" finished-at="2023-09-24T17:37:00 IST" duration-ms="2539" status="PASS">
          <reporter-output>
          </reporter-output>
        </test-method> <!-- UpdateAllFields -->
        <test-method signature="UpdateOnlyFirstName()[pri:3, instance:restassuredApiTests.PartialUpdateBooking@121314f7]" started-at="2023-09-24T17:37:00 IST" name="UpdateOnlyFirstName" description="UPDATE BOOKING - ONLY FIRSTNAME" finished-at="2023-09-24T17:37:03 IST" duration-ms="2866" status="PASS">
          <reporter-output>
          </reporter-output>
        </test-method> <!-- UpdateOnlyFirstName -->
        <test-method signature="UpdateOnlyLastName()[pri:3, instance:restassuredApiTests.PartialUpdateBooking@121314f7]" started-at="2023-09-24T17:37:03 IST" name="UpdateOnlyLastName" description="UPDATE BOOKING - ONLY LASTNAME" finished-at="2023-09-24T17:37:05 IST" duration-ms="1906" status="PASS">
          <reporter-output>
          </reporter-output>
        </test-method> <!-- UpdateOnlyLastName -->
      </class> <!-- restassuredApiTests.PartialUpdateBooking -->
      <class name="restassuredApiTests.GetBookingsByCheckinCheckout">
        <test-method is-config="true" signature="postdata()[pri:0, instance:restassuredApiTests.GetBookingsByCheckinCheckout@3527942a]" started-at="2023-09-24T17:36:36 IST" name="postdata" finished-at="2023-09-24T17:36:36 IST" duration-ms="0" status="PASS">
          <reporter-output>
          </reporter-output>
        </test-method> <!-- postdata -->
        <test-method signature="testpost()[pri:0, instance:restassuredApiTests.GetBookingsByCheckinCheckout@3527942a]" started-at="2023-09-24T17:36:36 IST" name="testpost" finished-at="2023-09-24T17:36:37 IST" duration-ms="1651" status="PASS">
          <reporter-output>
          </reporter-output>
        </test-method> <!-- testpost -->
        <test-method signature="getBookingsForCheckinCheckout()[pri:0, instance:restassuredApiTests.GetBookingsByCheckinCheckout@3527942a]" started-at="2023-09-24T17:36:37 IST" name="getBookingsForCheckinCheckout" description="GET REQUEST : GET BOOKINGS BY FILTER CHECKIN &amp; CHECKOUT  DATE" finished-at="2023-09-24T17:36:39 IST" duration-ms="1624" status="PASS">
          <reporter-output>
          </reporter-output>
        </test-method> <!-- getBookingsForCheckinCheckout -->
      </class> <!-- restassuredApiTests.GetBookingsByCheckinCheckout -->
      <class name="restassuredApiTests.UpdateBooking">
        <test-method is-config="true" signature="postdata()[pri:0, instance:restassuredApiTests.UpdateBooking@130c12b7]" started-at="2023-09-24T17:37:05 IST" name="postdata" finished-at="2023-09-24T17:37:05 IST" duration-ms="1" status="PASS">
          <reporter-output>
          </reporter-output>
        </test-method> <!-- postdata -->
        <test-method signature="Createtoken()[pri:0, instance:restassuredApiTests.UpdateBooking@130c12b7]" started-at="2023-09-24T17:37:05 IST" name="Createtoken" description="CREATE TOKEN" finished-at="2023-09-24T17:37:07 IST" duration-ms="1570" status="PASS">
          <reporter-output>
          </reporter-output>
        </test-method> <!-- Createtoken -->
        <test-method signature="Createbooking()[pri:1, instance:restassuredApiTests.UpdateBooking@130c12b7]" started-at="2023-09-24T17:37:07 IST" name="Createbooking" description="CREATE BOOKING" finished-at="2023-09-24T17:37:09 IST" duration-ms="1888" status="PASS">
          <reporter-output>
          </reporter-output>
        </test-method> <!-- Createbooking -->
        <test-method signature="Updatebooking()[pri:2, instance:restassuredApiTests.UpdateBooking@130c12b7]" started-at="2023-09-24T17:37:09 IST" name="Updatebooking" description="UPDATE BOOKING" finished-at="2023-09-24T17:37:10 IST" duration-ms="1882" status="PASS">
          <reporter-output>
          </reporter-output>
        </test-method> <!-- Updatebooking -->
      </class> <!-- restassuredApiTests.UpdateBooking -->
    </test> <!-- Test -->
  </suite> <!-- Suite -->
</testng-results>
