<?xml version="1.0" encoding="UTF-8"?>
<testng-results ignored="0" total="1" passed="1" failed="0" skipped="0">
  <reporter-output>
  </reporter-output>
  <suite started-at="2023-09-24T11:31:56 IST" name="Default suite" finished-at="2023-09-24T11:32:00 IST" duration-ms="4027">
    <groups>
    </groups>
    <test started-at="2023-09-24T11:31:56 IST" name="Default test" finished-at="2023-09-24T11:32:00 IST" duration-ms="4027">
      <class name="restassuredApiTests.HealthCheck">
        <test-method signature="getping()[pri:0, instance:restassuredApiTests.HealthCheck@79efed2d]" started-at="2023-09-24T11:31:56 IST" name="getping" finished-at="2023-09-24T11:32:00 IST" duration-ms="3967" status="PASS">
          <reporter-output>
          </reporter-output>
        </test-method> <!-- getping -->
      </class> <!-- restassuredApiTests.HealthCheck -->
    </test> <!-- Default test -->
  </suite> <!-- Default suite -->
</testng-results>
